\BOOKMARK [0][-]{section*.1}{\376\377\000D\000e\000c\000l\000a\000r\000a\000t\000i\000o\000n\000\040\000o\000f\000\040\000A\000u\000t\000h\000o\000r\000s\000h\000i\000p}{}% 1
\BOOKMARK [0][-]{section*.2}{\376\377\000A\000b\000s\000t\000r\000a\000c\000t}{}% 2
\BOOKMARK [0][-]{chapter.4}{\376\377\000I\000n\000t\000r\000o\000d\000u\000c\000t\000i\000o\000n}{}% 3
\BOOKMARK [0][-]{chapter.5}{\376\377\000B\000a\000c\000k\000g\000r\000o\000u\000n\000d}{}% 4
\BOOKMARK [1][-]{section.6}{\376\377\000C\000r\000y\000p\000t\000o\000g\000r\000a\000p\000h\000y}{chapter.5}% 5
\BOOKMARK [2][-]{subsection.7}{\376\377\000A\000s\000y\000m\000m\000e\000t\000r\000i\000c\000\040\000K\000e\000y\000\040\000E\000n\000c\000r\000y\000p\000t\000i\000o\000n}{section.6}% 6
\BOOKMARK [2][-]{subsection.8}{\376\377\000D\000i\000g\000i\000t\000a\000l\000\040\000S\000i\000g\000n\000a\000t\000u\000r\000e}{section.6}% 7
\BOOKMARK [2][-]{subsection.9}{\376\377\000T\000w\000e\000e\000t\000N\000a\000C\000l}{section.6}% 8
\BOOKMARK [1][-]{section.10}{\376\377\000T\000y\000p\000e\000s\000\040\000o\000f\000\040\000a\000t\000t\000a\000c\000k\000s}{chapter.5}% 9
\BOOKMARK [2][-]{subsection.11}{\376\377\000R\000e\000p\000l\000a\000y\000\040\000A\000t\000t\000a\000c\000k}{section.10}% 10
\BOOKMARK [2][-]{subsection.12}{\376\377\000M\000a\000n\000\040\000i\000n\000\040\000t\000h\000e\000\040\000M\000i\000d\000d\000l\000e\000\040\000A\000t\000t\000a\000c\000k}{section.10}% 11
\BOOKMARK [2][-]{subsection.13}{\376\377\000B\000i\000t\000-\000F\000l\000i\000p\000p\000i\000n\000g\000\040\000A\000t\000t\000a\000c\000k}{section.10}% 12
\BOOKMARK [2][-]{subsection.14}{\376\377\000S\000t\000r\000e\000a\000m\000\040\000C\000i\000p\000h\000e\000r\000\040\000A\000t\000t\000a\000c\000k}{section.10}% 13
\BOOKMARK [1][-]{section.15}{\376\377\000M\000a\000c\000h\000i\000n\000e\000\040\000t\000o\000\040\000M\000a\000c\000h\000i\000n\000e}{chapter.5}% 14
\BOOKMARK [1][-]{section.16}{\376\377\000T\000e\000c\000h\000n\000o\000l\000o\000g\000i\000e\000s\000\040\000u\000s\000e\000d}{chapter.5}% 15
\BOOKMARK [1][-]{section.17}{\376\377\000S\000e\000c\000u\000r\000e\000\040\000T\000r\000a\000n\000s\000i\000m\000i\000s\000s\000i\000o\000n\000\040\000o\000f\000\040\000K\000e\000y\000s}{chapter.5}% 16
\BOOKMARK [0][-]{chapter.18}{\376\377\000D\000e\000s\000i\000g\000n}{}% 17
\BOOKMARK [1][-]{section.19}{\376\377\000A\000i\000m\000s}{chapter.18}% 18
\BOOKMARK [1][-]{section.20}{\376\377\000M\000i\000c\000r\000o\000c\000o\000n\000t\000r\000o\000l\000l\000e\000r}{chapter.18}% 19
\BOOKMARK [1][-]{section.21}{\376\377\000S\000e\000c\000u\000r\000i\000t\000y}{chapter.18}% 20
\BOOKMARK [1][-]{section.22}{\376\377\000S\000e\000r\000v\000e\000r}{chapter.18}% 21
\BOOKMARK [0][-]{chapter.23}{\376\377\000I\000m\000p\000l\000e\000m\000e\000n\000t\000a\000t\000i\000o\000n}{}% 22
\BOOKMARK [1][-]{section.24}{\376\377\000I\000o\000T\000\040\000P\000l\000a\000t\000f\000o\000r\000m}{chapter.23}% 23
\BOOKMARK [2][-]{subsection.25}{\376\377\000T\000e\000m\000p\000e\000r\000a\000t\000u\000r\000e\000\040\000r\000e\000a\000d\000i\000n\000g}{section.24}% 24
\BOOKMARK [1][-]{section.47}{\376\377\000C\000r\000y\000p\000t\000o\000g\000r\000a\000p\000h\000i\000c}{chapter.23}% 25
\BOOKMARK [1][-]{section.66}{\376\377\000D\000a\000t\000a\000\040\000t\000r\000a\000n\000s\000m\000i\000s\000s\000i\000o\000n}{chapter.23}% 26
\BOOKMARK [1][-]{section.102}{\376\377\000S\000e\000r\000v\000e\000r\000\040\000S\000i\000d\000e}{chapter.23}% 27
\BOOKMARK [2][-]{subsection.120}{\376\377\000J\000a\000v\000a\000\040\000w\000e\000b\000\040\000a\000p\000p}{section.102}% 28
\BOOKMARK [2][-]{subsection.121}{\376\377\000P\000H\000P}{section.102}% 29
\BOOKMARK [2][-]{subsection.122}{\376\377\000X\000A\000M\000P\000P\000\040\000S\000e\000r\000v\000e\000r}{section.102}% 30
\BOOKMARK [1][-]{section.123}{\376\377\000N\000a\000C\000l}{chapter.23}% 31
\BOOKMARK [1][-]{section.124}{\376\377\000M\000a\000c\000h\000i\000n\000e\000\040\000t\000o\000\040\000M\000a\000c\000h\000i\000n\000e}{chapter.23}% 32
\BOOKMARK [0][-]{chapter.125}{\376\377\000S\000t\000r\000e\000n\000g\000t\000h\000\040\000O\000f\000\040\000S\000e\000c\000u\000r\000i\000t\000y}{}% 33
\BOOKMARK [1][-]{section.126}{\376\377\000S\000i\000g\000n\000\040\000t\000h\000e\000n\000\040\000E\000n\000c\000r\000y\000p\000t}{chapter.125}% 34
\BOOKMARK [1][-]{section.127}{\376\377\000P\000u\000b\000l\000i\000c\000\040\000K\000e\000y\000\040\000T\000r\000a\000n\000s\000m\000i\000s\000s\000i\000o\000n}{chapter.125}% 35
\BOOKMARK [1][-]{section.128}{\376\377\000B\000i\000t\000\040\000B\000a\000n\000g\000i\000n\000g}{chapter.125}% 36
\BOOKMARK [1][-]{section.129}{\376\377\000W\000h\000a\000t\000s\000\040\000t\000h\000e\000\040\000n\000a\000m\000e\000\040\000f\000o\000r\000\040\000g\000l\000e\000a\000n\000i\000n\000g\000\040\000i\000n\000f\000o\000\040\000b\000a\000s\000e\000d\000\040\000o\000n\000\040\000t\000h\000e\000\040\000c\000i\000p\000h\000e\000r\000\040\000t\000e\000x\000t}{chapter.125}% 37
\BOOKMARK [1][-]{section.130}{\376\377\000n\000o\000n\000c\000e\000s}{chapter.125}% 38
\BOOKMARK [0][-]{chapter.131}{\376\377\000R\000e\000s\000u\000l\000t\000s}{}% 39
\BOOKMARK [1][-]{section.132}{\376\377\000R\000e\000c\000o\000r\000d\000i\000n\000g\000\040\000o\000f\000\040\000t\000e\000m\000p\000e\000r\000a\000t\000u\000r\000e}{chapter.131}% 40
\BOOKMARK [1][-]{section.133}{\376\377\000S\000e\000n\000d\000i\000n\000g\000\040\000D\000a\000t\000a}{chapter.131}% 41
\BOOKMARK [1][-]{section.134}{\376\377\000P\000o\000w\000e\000r\000\040\000C\000o\000n\000s\000u\000m\000p\000t\000i\000o\000n\000!}{chapter.131}% 42
\BOOKMARK [1][-]{section.135}{\376\377\000W\000e\000b\000\040\000A\000p\000p}{chapter.131}% 43
\BOOKMARK [1][-]{section.136}{\376\377\000S\000e\000c\000u\000r\000e\000\040\000t\000r\000a\000n\000s\000m\000i\000s\000s\000i\000o\000n\000\040\000o\000f\000\040\000P\000u\000b\000l\000i\000c\000\040\000k\000e\000y\000s}{chapter.131}% 44
\BOOKMARK [1][-]{section.137}{\376\377\000M\000a\000c\000h\000i\000n\000e\000\040\000t\000o\000\040\000M\000a\000c\000h\000i\000n\000e}{chapter.131}% 45
\BOOKMARK [0][-]{chapter.138}{\376\377\000C\000r\000i\000t\000i\000c\000a\000l\000\040\000E\000v\000a\000l\000u\000a\000t\000i\000o\000n}{}% 46
\BOOKMARK [1][-]{section.139}{\376\377\000S\000u\000b\000S\000e\000c\000t\000i\000o\000n}{chapter.138}% 47
\BOOKMARK [1][-]{section.140}{\376\377\000O\000t\000h\000e\000r\000\040\000S\000u\000b\000S\000e\000c\000t\000i\000o\000n}{chapter.138}% 48
\BOOKMARK [0][-]{chapter.141}{\376\377\000C\000o\000n\000c\000l\000u\000s\000i\000o\000n}{}% 49
\BOOKMARK [1][-]{section.142}{\376\377\000S\000u\000b\000S\000e\000c\000t\000i\000o\000n}{chapter.141}% 50
\BOOKMARK [1][-]{section.143}{\376\377\000O\000t\000h\000e\000r\000\040\000S\000u\000b\000S\000e\000c\000t\000i\000o\000n}{chapter.141}% 51
\BOOKMARK [0][-]{appendix.144}{\376\377\000A\000p\000p\000e\000n\000d\000i\000x\000\040\000T\000i\000t\000l\000e\000\040\000H\000e\000r\000e}{}% 52
